make all --print-data-base --no-builtin-variables --no-builtin-rules --question
# GNU Make 4.3
# Built for x86_64-redhat-linux-gnu
# Copyright (C) 1988-2020 Free Software Foundation, Inc.
# License GPLv3+: GNU GPL version 3 or later <http://gnu.org/licenses/gpl.html>
# This is free software: you are free to change and redistribute it.
# There is NO WARRANTY, to the extent permitted by law.

# Make data base, printed on Tue Mar 25 15:05:52 2025

# Variables

# makefile (from 'Makefile', line 6)
OBJ = $(SRC: .c=.o)
# environment
GDK_BACKEND = x11
# environment
LC_ALL = C
# environment
NO_AT_BRIDGE = 1
# makefile (from 'Makefile', line 5)
SRC = pacman.c
# environment
define BASH_FUNC_scl%%
() {  if [ "$1" = "load" -o "$1" = "unload" ]; then
 eval "module $@";
 else
 /usr/bin/scl "$@";
 fi
}
endef
# environment
VSCODE_CRASH_REPORTER_PROCESS_TYPE = extensionHost
# environment
VSCODE_CWD = /net/netud/t/adalal/pg110-26111/code
# environment
MODULES_CMD = /usr/share/Modules/libexec/modulecmd.tcl
# default
MAKE_COMMAND := make
# environment
define BASH_FUNC_which%%
 
() {  ( alias;
 eval ${which_declare} ) | /usr/bin/which --tty-only --read-alias --read-functions --show-tilde --show-dot $@
}
endef
# automatic
@D = $(patsubst %/,%,$(dir $@))
# environment
VSCODE_HANDLES_UNCAUGHT_ERRORS = true
# default
.VARIABLES := 
# environment
PWD = /net/netud/t/adalal/pg110-26111/code
# automatic
%D = $(patsubst %/,%,$(dir $%))
# environment
HOSTNAME = rock
# environment
MAIL = /var/spool/mail/adalal
# environment
XDG_DATA_DIRS = /net/netud/t/adalal/.local/share/flatpak/exports/share:/var/lib/flatpak/exports/share:/usr/local/share:/usr/share
# environment
MODULES_RUN_QUARANTINE = LD_LIBRARY_PATH LD_PRELOAD
# automatic
^D = $(patsubst %/,%,$(dir $^))
# automatic
%F = $(notdir $%)
# environment
VSCODE_CODE_CACHE_PATH = /net/netud/t/adalal/.config/Code/CachedData/1a5daa3a0231a0fbba4f14db7ec463cf99d7768e
# environment
XDG_SESSION_PATH = /org/freedesktop/DisplayManager/Session0
# environment
LANG = C
# environment
XAUTHORITY = /run/lightdm/adalal/xauthority
# default
.LOADED := 
# default
.INCLUDE_DIRS = /usr/include /usr/local/include /usr/include
# makefile
MAKEFLAGS = pqrR
# makefile
CURDIR := /net/netud/t/adalal/pg110-26111/code
# environment
define BASH_FUNC_module%%
() {  local _mlredir=0;
 if [ -n "${MODULES_REDIRECT_OUTPUT+x}" ]; then
 if [ "$MODULES_REDIRECT_OUTPUT" = '0' ]; then
 _mlredir=0;
 else
 if [ "$MODULES_REDIRECT_OUTPUT" = '1' ]; then
 _mlredir=1;
 fi;
 fi;
 fi;
 case " $@ " in 
 *' --no-redirect '*)
 _mlredir=0
 ;;
 *' --redirect '*)
 _mlredir=1
 ;;
 esac;
 if [ $_mlredir -eq 0 ]; then
 _module_raw "$@";
 else
 _module_raw "$@" 2>&1;
 fi
}
endef
# environment
LESSOPEN = ||/usr/bin/lesspipe.sh %s
# automatic
*D = $(patsubst %/,%,$(dir $*))
# environment
MFLAGS = -pqrR
# environment
SSH_AUTH_SOCK = /tmp/ssh-XXXXXXW9ZkR1/agent.8820
# default
.SHELLFLAGS := -c
# environment
HISTSIZE = 1000
# environment
XDG_CONFIG_DIRS = /etc/xdg
# automatic
+D = $(patsubst %/,%,$(dir $+))
# environment
XDG_SESSION_DESKTOP = xfce
# makefile (from 'Makefile', line 1)
MAKEFILE_LIST := Makefile
# environment
CONDA_SHLVL = 0
# automatic
@F = $(notdir $@)
# environment
VSCODE_PID = 40541
# environment
KRB5CCNAME = KCM:
# environment
XDG_SESSION_TYPE = x11
# automatic
?D = $(patsubst %/,%,$(dir $?))
# environment
SESSION_MANAGER = local/unix:@/tmp/.ICE-unix/8820,unix/unix:/tmp/.ICE-unix/8820
# automatic
*F = $(notdir $*)
# environment
MODULEPATH = /etc/scl/modulefiles:/etc/scl/modulefiles:/usr/share/Modules/modulefiles:/etc/modulefiles:/usr/share/modulefiles
# environment
CHROME_DESKTOP = code-url-handler.desktop
# environment
DBUS_SESSION_BUS_ADDRESS = unix:path=/run/user/253592/bus
# automatic
<D = $(patsubst %/,%,$(dir $<))
# environment
__MODULES_LMINIT = module use --append /usr/share/Modules/modulefiles:module use --append /etc/modulefiles:module use --append /usr/share/modulefiles
# environment
VSCODE_NLS_CONFIG = {"locale":"en-us","osLocale":"fr-fr","availableLanguages":{},"_languagePackSupport":true}
# environment
define BASH_FUNC_ml%%
() {  module ml "$@"
}
endef
# default
MAKE_HOST := x86_64-redhat-linux-gnu
# makefile
SHELL = /bin/sh
# default
MAKECMDGOALS := all
# environment
SHLVL = 0
# environment
MAKELEVEL := 0
# default
MAKE = $(MAKE_COMMAND)
# environment
PATH = /usr/share/Modules/bin:/usr/condabin:/usr/local/bin:/usr/bin:/bin:/usr/local/sbin:/usr/sbin
# default
MAKEFILES := 
# environment
MODULESHOME = /usr/share/Modules
# automatic
^F = $(notdir $^)
# makefile (from 'Makefile', line 4)
LDLIBS = $(shell pkg-config --libs sdl2 SDL2_image)
# automatic
?F = $(notdir $?)
# environment
XDG_SEAT = seat0
# environment
XDG_CURRENT_DESKTOP = XFCE
# automatic
+F = $(notdir $+)
# environment
XDG_SEAT_PATH = /org/freedesktop/DisplayManager/Seat0
# environment
DESKTOP_SESSION = xfce
# environment
ORIGINAL_XDG_CURRENT_DESKTOP = XFCE
# 'override' directive
GNUMAKEFLAGS := 
# environment
LOGNAME = adalal
# environment
GIO_LAUNCHED_DESKTOP_FILE = /usr/share/applications/code.desktop
# environment
XDG_VTNR = 1
# makefile
.DEFAULT_GOAL := all
# makefile (from 'Makefile', line 3)
NOM_PROGRAMME = pacman /*pacman est la cible*/
# environment
HISTCONTROL = ignoredups
# environment
DISPLAY = :0
# environment
USER = adalal
# default
MAKE_VERSION := 4.3
# environment
which_declare = declare -f
# environment
GIO_LAUNCHED_DESKTOP_FILE_PID = 40541
# environment
SSH_AGENT_PID = 8854
# environment
_ = /usr/bin/make
# environment
XDG_RUNTIME_DIR = /run/user/253592
# makefile (from 'Makefile', line 2)
CFLAGS = -Wall -Werror -std=c99
# environment
XDG_SESSION_CLASS = user
# environment
VSCODE_AMD_ENTRYPOINT = vs/workbench/api/node/extensionHostProcess
# environment
HOME = /net/netud/t/adalal
# environment
ELECTRON_RUN_AS_NODE = 1
# environment
VSCODE_IPC_HOOK = /run/user/253592/vscode-c7dda805-1.84-main.sock
# environment
XDG_SESSION_ID = 5
# default
.RECIPEPREFIX := 
# automatic
<F = $(notdir $<)
# environment
define BASH_FUNC__module_raw%%
() {  eval "$(/usr/bin/tclsh '/usr/share/Modules/libexec/modulecmd.tcl' bash "$@")";
 _mlstatus=$?;
 return $_mlstatus
}
endef
# default
SUFFIXES := 
# environment
XDG_GREETER_DATA_DIR = /var/lib/lightdm-data/adalal
# default
.FEATURES := target-specific order-only second-expansion else-if shortest-stem undefine oneshell nocomment grouped-target extra-prereqs archives jobserver output-sync check-symlink load
# makefile (from 'Makefile', line 1)
CC = gcc
# environment
XDG_MENU_PREFIX = xfce-
# environment
GDMSESSION = xfce
# variable set hash-table stats:
# Load=105/1024=10%, Rehash=0, Collisions=5/143=3%

# Pattern-specific Variable Values

# No pattern-specific variable values.

# Directories

# / (device 64768, inode 2): 27 files, no impossibilities.
# . (device 47, inode 51372746): 8 files, no impossibilities.

# 35 files, no impossibilities in 2 directories.

# Implicit Rules

# No implicit rules.

# Files

# Not a target:
pacman.c:
#  Implicit rule search has been done.
#  Last modified 2025-03-17 11:31:26.158064
#  File has been updated.
#  Successfully updated.

# Not a target:
Makefile:
#  Implicit rule search has been done.
#  Last modified 2025-03-17 11:18:03.864704
#  File has been updated.
#  Successfully updated.

# Not a target:
rm:
#  Implicit rule search has not been done.
#  Modification time never checked.
#  File has not been updated.

# Not a target:
est:
#  Implicit rule search has not been done.
#  Modification time never checked.
#  File has not been updated.

clean: rm -f pacman.c pacman /*pacman est la cible*/
#  Implicit rule search has not been done.
#  Modification time never checked.
#  File has not been updated.

# Not a target:
/*pacman:
#  Implicit rule search has not been done.
#  Modification time never checked.
#  File has not been updated.

# Not a target:
-f:
#  Implicit rule search has not been done.
#  Modification time never checked.
#  File has not been updated.

# Not a target:
.DEFAULT:
#  Implicit rule search has not been done.
#  Modification time never checked.
#  File has not been updated.

all: pacman
#  Command line target.
#  Implicit rule search has been done.
#  File does not exist.
#  File has been updated.
#  Needs to be updated (-q is set).
# variable set hash-table stats:
# Load=0/32=0%, Rehash=0, Collisions=0/5=0%

pacman.o: pacman.c
#  Implicit rule search has not been done.
#  Implicit/static pattern stem: ''
#  File does not exist.
 
#  File has been updated.
#  Needs to be updated (-q is set).
# automatic
# @ := pacman.o
# automatic
# * := 
# automatic
# < := pacman.c
# automatic
# + := pacman.c
# automatic
# % := 
# automatic
# ^ := pacman.c
# automatic
# ? := pacman.c
# automatic
# | := 
# variable set hash-table stats:
# Load=8/32=25%, Rehash=0, Collisions=2/15=13%
#  recipe to execute (from 'Makefile', line 14):
	$(CC) -o $@ -c $< $(CFLAGS)

# Not a target:
cible*/:
#  Implicit rule search has not been done.
#  Modification time never checked.
#  File has not been updated.

pacman: pacman.o
#  Implicit rule search has not been done.
#  File does not exist.
#  File has been updated.
#  Needs to be updated (-q is set).
# variable set hash-table stats:
# Load=0/32=0%, Rehash=0, Collisions=0/5=0%
#  recipe to execute (from 'Makefile', line 11):
	$(CC) -o $(CFLAGS) -o $(NOM_PROGRAMME) $(OBJ) 

# Not a target:
.SUFFIXES:
#  Implicit rule search has not been done.
#  Modification time never checked.
#  File has not been updated.

# Not a target:
la:
#  Implicit rule search has not been done.
#  Modification time never checked.
#  File has not been updated.

# files hash-table stats:
# Load=14/1024=1%, Rehash=0, Collisions=1/39=3%
# VPATH Search Paths

# No 'vpath' search paths.

# No general ('VPATH' variable) search path.

# strcache buffers: 1 (0) / strings = 48 / storage = 303 B / avg = 6 B
# current buf: size = 8162 B / used = 303 B / count = 48 / avg = 6 B

# strcache performance: lookups = 65 / hit rate = 26%
# hash-table stats:
# Load=48/8192=1%, Rehash=0, Collisions=0/65=0%
# Finished Make data base on Tue Mar 25 15:05:52 2025

 
